<?xml version="1.0" encoding="UTF-8"?>
<!-- Generated by org.testng.reporters.JUnitReportReporter -->
<testsuite hostname="INFHYSZBL369" failures="0" tests="1" name="TestCases.GetStudent" time="1.474" errors="0" timestamp="14 Nov 2021 18:12:18 GMT" skipped="0">
  <testcase classname="TestCases.GetStudent" name="getStudent" time="1.474"/>
</testsuite> <!-- TestCases.GetStudent -->
