<?xml version="1.0" encoding="UTF-8"?>
<!-- Generated by org.testng.reporters.JUnitReportReporter -->
<testsuite hostname="INFHYSZBL369" failures="0" tests="1" name="TestCases.addStudent" time="1.938" errors="0" timestamp="14 Nov 2021 18:26:31 GMT" skipped="0">
  <testcase classname="TestCases.addStudent" name="AddStudent" time="1.938"/>
</testsuite> <!-- TestCases.addStudent -->
