<?xml version="1.0" encoding="UTF-8"?>
<!-- Generated by org.testng.reporters.JUnitReportReporter -->
<testsuite hostname="INFHYSZBL369" failures="0" tests="1" name="Dummy" time="0.598" errors="0" timestamp="2022-02-26T21:07:58 IST" skipped="0">
  <testcase classname="Dummy" name="sample" time="0.598"/>
  <system-out/>
</testsuite> <!-- Dummy -->
