<?xml version="1.0" encoding="UTF-8"?>
<!-- Generated by org.testng.reporters.JUnitReportReporter -->
<testsuite hostname="INFHYSZBL369" failures="0" tests="1" name="RaedingDataFromXL" time="0.730" errors="0" timestamp="2022-02-26T21:18:26 IST" skipped="0">
  <testcase classname="RaedingDataFromXL" name="readData" time="0.730"/>
  <system-out/>
</testsuite> <!-- RaedingDataFromXL -->
