<?xml version="1.0" encoding="UTF-8"?>
<!-- Generated by org.testng.reporters.JUnitReportReporter -->
<testsuite hostname="INFHYSZBL369" failures="0" tests="1" name="BasicAuthentication1" time="3.683" errors="0" timestamp="14 Nov 2021 17:32:27 GMT" skipped="0">
  <testcase classname="BasicAuthentication1" name="test" time="3.683"/>
</testsuite> <!-- BasicAuthentication1 -->
