<?xml version="1.0" encoding="UTF-8"?>
<!-- Generated by org.testng.reporters.JUnitReportReporter -->
<testsuite hostname="INFHYSZBL369" failures="0" tests="1" name="SchemaVlidations.VlaidatingFileSize" time="4.372" errors="0" timestamp="20 Oct 2021 12:21:47 GMT" skipped="0">
  <testcase classname="SchemaVlidations.VlaidatingFileSize" name="test" time="4.372"/>
</testsuite> <!-- SchemaVlidations.VlaidatingFileSize -->
