<?xml version="1.0" encoding="UTF-8"?>
<!-- Generated by org.testng.reporters.JUnitReportReporter -->
<testsuite hostname="INFHYSZBL369" failures="0" tests="1" name="DeleteMethodReqres" time="2.085" errors="0" timestamp="25 Oct 2021 13:53:19 GMT" skipped="0">
  <testcase classname="DeleteMethodReqres" name="test" time="2.085"/>
</testsuite> <!-- DeleteMethodReqres -->
