<?xml version="1.0" encoding="UTF-8"?>
<!-- Generated by org.testng.reporters.JUnitReportReporter -->
<testsuite hostname="INFHYSZBL369" failures="0" tests="1" name="SchemaVlidations.ValidatingSchema1" time="2.012" errors="0" timestamp="20 Oct 2021 11:11:15 GMT" skipped="0">
  <testcase classname="SchemaVlidations.ValidatingSchema1" name="test" time="2.012"/>
</testsuite> <!-- SchemaVlidations.ValidatingSchema1 -->
