<?xml version="1.0" encoding="UTF-8"?>
<!-- Generated by org.testng.reporters.JUnitReportReporter -->
<testsuite hostname="INFHYSZBL369" failures="0" tests="1" name="com.hrm.qa.testcases.MyInfoTest" time="13.675" errors="0" timestamp="2022-03-02T14:09:38 IST" skipped="0">
  <testcase classname="com.hrm.qa.testcases.MyInfoTest" name="verifyeEmployeeIdLabel" time="13.675"/>
  <system-out/>
</testsuite> <!-- com.hrm.qa.testcases.MyInfoTest -->
