<?xml version="1.0" encoding="UTF-8"?>
<!-- Generated by org.testng.reporters.JUnitReportReporter -->
<testsuite hostname="INFHYSZBL369" failures="0" tests="3" name="com.hrm.qa.testcases.LoginPageTest" time="23.642" errors="0" timestamp="2022-03-10T10:30:17 IST" skipped="0">
  <testcase classname="com.hrm.qa.testcases.LoginPageTest" name="loginLogoTest" time="5.019"/>
  <system-out/>
  <testcase classname="com.hrm.qa.testcases.LoginPageTest" name="loginTitle" time="5.080"/>
  <system-out/>
  <testcase classname="com.hrm.qa.testcases.LoginPageTest" name="loginTest" time="13.543"/>
  <system-out/>
</testsuite> <!-- com.hrm.qa.testcases.LoginPageTest -->
